#Logger version=1
#Product 'nanoCAD' version=22
<Inspector></Inspector:Completed>
Document 'XXX' activated.
<NewDocument></NewDocument:Completed>
<StartupVPerfTest></StartupVPerfTest:Completed>
<TipOfDay></TipOfDay:Completed>
Document 'XXX' activated.
<NCGS_TOGGLE_VECTORIZER></NCGS_TOGGLE_VECTORIZER:Completed>
<mcstdselected></mcstdselected:Completed>
<mcstdselected></mcstdselected:Completed>
CRC[784bdf5d]
Closing session.
<Exit></Exit:Completed>
CRC[d793524f]
<Inspector></Inspector:Completed>
Document 'XXX' activated.
<NewDocument></NewDocument:Completed>
<StartupVPerfTest></StartupVPerfTest:Completed>
<TipOfDay></TipOfDay:Completed>
Closing session.
<Exit></Exit:Completed>
CRC[401a1324]
<Inspector></Inspector:Completed>
Document 'XXX' activated.
<NewDocument></NewDocument:Completed>
<StartupVPerfTest></StartupVPerfTest:Completed>
<TipOfDay></TipOfDay:Completed>
<mcstdselected></mcstdselected:Completed>
<mcstdselected></mcstdselected:Completed>
Closing session.
<Exit></Exit:Completed>
CRC[1726b835]
<Inspector></Inspector:Completed>
Document 'XXX' activated.
<NewDocument></NewDocument:Completed>
<StartupVPerfTest></StartupVPerfTest:Completed>
<TipOfDay></TipOfDay:Completed>
<Rectangle></Rectangle:Completed>
<SaveDocument></SaveDocument:Completed>
Closing session.
<Exit></Exit:Completed>
CRC[5f33e4b3]
<Inspector></Inspector:Completed>
Document 'XXX' activated.
<NewDocument></NewDocument:Completed>
<StartupVPerfTest></StartupVPerfTest:Completed>
<TipOfDay></TipOfDay:Completed>
Closing session.
<Exit></Exit:Completed>
CRC[401a1324]
<Inspector></Inspector:Completed>
Document 'XXX' activated.
<NewDocument></NewDocument:Completed>
<StartupVPerfTest></StartupVPerfTest:Completed>
<TipOfDay></TipOfDay:Completed>
<mcstdselected></mcstdselected:Completed>
<mcstdselected></mcstdselected:Completed>
<mcstdselected></mcstdselected:Completed>
<mcstdselected></mcstdselected:Completed>
CRC[139e3373]
<mcstdselected></mcstdselected:Completed>
<mcstdselected></mcstdselected:Completed>
<mcstdselected></mcstdselected:Completed>
<mcstdselected></mcstdselected:Completed>
<mcstdselected></mcstdselected:Completed>
<mcstdselected></mcstdselected:Completed>
<mcstdselected></mcstdselected:Completed>
<mcstdselected></mcstdselected:Completed>
<mcstdselected></mcstdselected:Completed>
CRC[9e7c47d7]
<mcstdselected></mcstdselected:Completed>
<mcstdselected></mcstdselected:Completed>
<mcstdselected></mcstdselected:Completed>
<mcstdselected></mcstdselected:Completed>
<mcstdselected></mcstdselected:Completed>
<mcstdselected></mcstdselected:Completed>
<mcstdselected></mcstdselected:Completed>
<mcstdselected></mcstdselected:Completed>
<mcstdselected></mcstdselected:Completed>
CRC[9e7c47d7]
<mcstdselected></mcstdselected:Completed>
<mcstdselected></mcstdselected:Completed>
<mcstdselected></mcstdselected:Completed>
<mcstdselected></mcstdselected:Completed>
<mcstdselected></mcstdselected:Completed>
<mcstdselected></mcstdselected:Completed>
<mcstdselected></mcstdselected:Completed>
<mcstdselected></mcstdselected:Completed>
<mcstdselected></mcstdselected:Completed>
CRC[9e7c47d7]
<mcstdselected></mcstdselected:Completed>
<mcstdselected></mcstdselected:Completed>
<mcstdselected></mcstdselected:Completed>
<mcstdselected></mcstdselected:Completed>
<mcstdselected></mcstdselected:Completed>
<mcstdselected></mcstdselected:Completed>
<mcstdselected></mcstdselected:Completed>
<mcstdselected></mcstdselected:Completed>
<mcstdselected></mcstdselected:Completed>
CRC[9e7c47d7]
<mcstdselected></mcstdselected:Completed>
<mcstdselected></mcstdselected:Completed>
<mcstdselected></mcstdselected:Completed>
<mcstdselected></mcstdselected:Completed>
<mcstdselected></mcstdselected:Completed>
<mcstdselected></mcstdselected:Completed>
<mcstdselected></mcstdselected:Completed>
<mcstdselected></mcstdselected:Completed>
<mcstdselected></mcstdselected:Completed>
CRC[9e7c47d7]
<mcstdselected></mcstdselected:Completed>
<mcstdselected></mcstdselected:Completed>
<mcstdselected></mcstdselected:Completed>
<mcstdselected></mcstdselected:Completed>
<mcstdselected></mcstdselected:Completed>
<mcstdselected></mcstdselected:Completed>
<mcstdselected></mcstdselected:Completed>
<mcstdselected></mcstdselected:Completed>
<mcstdselected></mcstdselected:Completed>
CRC[9e7c47d7]
<mcstdselected></mcstdselected:Completed>
<mcstdselected></mcstdselected:Completed>
<mcstdselected></mcstdselected:Completed>
<mcstdselected></mcstdselected:Completed>
<mcstdselected></mcstdselected:Completed>
<mcstdselected></mcstdselected:Completed>
<mcstdselected></mcstdselected:Completed>
<mcstdselected></mcstdselected:Completed>
Closing session.
CRC[a871a78b]
<Exit></Exit:Completed>
CRC[380620e7]
<Inspector></Inspector:Completed>
Document 'XXX' activated.
<NewDocument></NewDocument:Completed>
<StartupVPerfTest></StartupVPerfTest:Completed>
<TipOfDay></TipOfDay:Completed>
Closing session.
<Exit></Exit:Completed>
CRC[401a1324]
<Inspector></Inspector:Completed>
Document 'XXX' activated.
<NewDocument></NewDocument:Completed>
<StartupVPerfTest></StartupVPerfTest:Completed>
<TipOfDay></TipOfDay:Completed>
<Rectangle></Rectangle:Cancelled>
<Line></Line:Cancelled>
<EditUndo></EditUndo:Completed>
<Line></Line:Completed>
CRC[eac3eed0]
<MoveCopy></MoveCopy:Cancelled>
<EditUndo></EditUndo:Completed>
<MoveCopy></MoveCopy:Cancelled>
<EditUndo></EditUndo:Completed>
<MoveCopy></MoveCopy:Cancelled>
<EditUndo></EditUndo:Completed>
<Circle></Circle:Completed>
<mdim></mdim:Completed>
<Delete></Delete:Completed>
CRC[0f73ab20]
<Circle></Circle:Completed>
<mdim></mdim:Completed>
<mdimdia></mdimdia:Completed>
<Delete></Delete:Completed>
<mdim></mdim:Completed>
<Circle></Circle:Completed>
<mdim></mdim:Completed>
<grip_stretch></grip_stretch:Completed>
<mdimdia></mdimdia:Completed>
CRC[d24032ec]
<Delete></Delete:Completed>
<Circle></Circle:Completed>
<EditUndo></EditUndo:Completed>
<Circle></Circle:Cancelled>
<EditUndo></EditUndo:Completed>
<EditUndo></EditUndo:Completed>
<EditUndo></EditUndo:Completed>
<EditUndo></EditUndo:Completed>
<EditUndo></EditUndo:Completed>
CRC[a54c2847]
<EditUndo></EditUndo:Completed>
<EditUndo></EditUndo:Completed>
<EditUndo></EditUndo:Completed>
<EditUndo></EditUndo:Completed>
<EditUndo></EditUndo:Completed>
<EditUndo></EditUndo:Completed>
<EditUndo></EditUndo:Completed>
<EditUndo></EditUndo:Completed>
<EditUndo></EditUndo:Completed>
CRC[c1eab36c]
<EditUndo></EditUndo:Completed>
<EditRedo></EditRedo:Completed>
<Circle></Circle:Cancelled>
<Circle></Circle:Completed>
<lengthenDE></lengthenDE:Completed>
<lengthen></lengthen:Completed>
<EditUndo></EditUndo:Completed>
<lengthenDY></lengthenDY:Completed>
<lengthen></lengthen:Cancelled>
CRC[a35c1fb8]
<EditUndo></EditUndo:Completed>
<lengthenDY></lengthenDY:Completed>
<lengthen></lengthen:Cancelled>
<lengthen></lengthen:Completed>
<vcTrimByEdgeCmd></vcTrimByEdgeCmd:Cancelled>
<lengthenDE></lengthenDE:Completed>
<lengthen></lengthen:Completed>
<EditUndo></EditUndo:Completed>
<vcBreakAtPointCmd></vcBreakAtPointCmd:Completed>
CRC[616e7bdf]
<vcBreakAtPointCmd></vcBreakAtPointCmd:Completed>
<vcBreakCmd></vcBreakCmd:Completed>
<EditUndo></EditUndo:Completed>
<vcBreakCmd></vcBreakCmd:Completed>
<vcBreakCmd></vcBreakCmd:Completed>
<vcBreakCmd></vcBreakCmd:Completed>
<vcBreakCmd></vcBreakCmd:Completed>
<vcBreakCmd></vcBreakCmd:Completed>
<vcBreakCmd></vcBreakCmd:Completed>
CRC[18f8fdd9]
<vcBreakCmd></vcBreakCmd:Completed>
<vcBreakCmd></vcBreakCmd:Completed>
<Delete></Delete:Completed>
<Delete></Delete:Completed>
<Delete></Delete:Completed>
<Delete></Delete:Cancelled>
<Delete></Delete:Completed>
<MoveCopy></MoveCopy:Cancelled>
<Rotate></Rotate:Completed>
CRC[3b1a79e6]
<Rotate></Rotate:Cancelled>
<Delete></Delete:Completed>
<Delete></Delete:Completed>
<vcBreakCmd></vcBreakCmd:Completed>
<vcBreakCmd></vcBreakCmd:Completed>
<vcBreakCmd></vcBreakCmd:Completed>
<vcBreakCmd></vcBreakCmd:Completed>
<Delete></Delete:Completed>
<Delete></Delete:Completed>
CRC[f0fe7949]
<mdimrad></mdimrad:Completed>
<mdimrad></mdimrad:Completed>
<mdim></mdim:Completed>
<mdim></mdim:Completed>
<mdim></mdim:Completed>
<Delete></Delete:Completed>
<mdim></mdim:Completed>
<CopyClip></CopyClip:Completed>
<CopyClip></CopyClip:Completed>
CRC[1196baf9]
<SaveDocument></SaveDocument:Cancelled>
<SaveAsDocument></SaveAsDocument:Completed>
Closing session.
<Exit></Exit:Completed>
CRC[872c652d]
<Inspector></Inspector:Completed>
Document 'XXX' activated.
<NewDocument></NewDocument:Completed>
<StartupVPerfTest></StartupVPerfTest:Completed>
<TipOfDay></TipOfDay:Completed>
<OpenDocument></OpenDocument:Cancelled>
Document 'XXX' activated.
<OpenDocument></OpenDocument:Completed>
<Delete></Delete:Completed>
CRC[01b8aea1]
<Delete></Delete:Completed>
<Delete></Delete:Completed>
<Delete></Delete:Completed>
<Line></Line:Cancelled>
<Line></Line:Completed>
<Line></Line:Completed>
<Line></Line:Completed>
<Line></Line:Cancelled>
<Delete></Delete:Completed>
CRC[bd5864b8]
Document 'XXX' activated.
<CopyClip></CopyClip:Completed>
Document 'XXX' activated.
<SaveDocument></SaveDocument:Completed>
<SaveAsDocument></SaveAsDocument:Completed>
<EditUndo></EditUndo:Completed>
<EditUndo></EditUndo:Completed>
<EditUndo></EditUndo:Completed>
<EditUndo></EditUndo:Completed>
CRC[276305d0]
<EditUndo></EditUndo:Completed>
<EditUndo></EditUndo:Completed>
<EditUndo></EditUndo:Completed>
<EditUndo></EditUndo:Completed>
<EditUndo></EditUndo:Completed>
<EditUndo></EditUndo:Completed>
<EditUndo></EditUndo:Completed>
<SaveDocument></SaveDocument:Completed>
<SaveAsDocument></SaveAsDocument:Completed>
CRC[e4568a68]
<Delete></Delete:Completed>
<Delete></Delete:Completed>
<Delete></Delete:Completed>
<Delete></Delete:Completed>
<Delete></Delete:Completed>
<Line></Line:Completed>
<Line></Line:Completed>
<Line></Line:Completed>
<Line></Line:Completed>
CRC[e89a1d5a]
<Line></Line:Cancelled>
<SaveAsDocument></SaveAsDocument:Completed>
<OpenDocument></OpenDocument:Cancelled>
Document 'XXX' activated.
Closing session.
<Exit></Exit:Completed>
CRC[84d3e219]
<Inspector></Inspector:Completed>
Document 'XXX' activated.
<NewDocument></NewDocument:Completed>
<StartupVPerfTest></StartupVPerfTest:Completed>
<TipOfDay></TipOfDay:Completed>
<ClosedPolygon></ClosedPolygon:Cancelled>
<ClosedPolygon></ClosedPolygon:Completed>
<mdim></mdim:Completed>
<mdim></mdim:Completed>
CRC[1fbba8e0]
<grip_stretch></grip_stretch:Completed>
<Cut></Cut:Completed>
<Cut></Cut:Cancelled>
<ClosedPolygon></ClosedPolygon:Completed>
<mdim></mdim:Completed>
<Delete></Delete:Completed>
<Line></Line:Cancelled>
<ClosedPolygon></ClosedPolygon:Completed>
<mdim></mdim:Completed>
CRC[6b84eb00]
<mdim></mdim:Completed>
<grip_stretch></grip_stretch:Completed>
<grip_stretch></grip_stretch:Completed>
<Delete></Delete:Completed>
<EditUndo></EditUndo:Completed>
<Delete></Delete:Completed>
<grip_stretch></grip_stretch:Completed>
<grip_stretch></grip_stretch:Completed>
<grip_stretch></grip_stretch:Completed>
CRC[5256c7a8]
<CopyClip></CopyClip:Completed>
<CopyClip></CopyClip:Completed>
<SaveAsDocument></SaveAsDocument:Completed>
<SaveAsDocument></SaveAsDocument:Cancelled>
<CloseDocument></CloseDocument:Completed>
Document 'XXX' activated.
<NewDocument></NewDocument:Completed>
<Circle></Circle:Completed>
<Circle></Circle:Completed>
CRC[5311e963]
<Circle></Circle:Completed>
<Circle></Circle:Completed>
<Circle></Circle:Completed>
<Circle></Circle:Completed>
<Circle></Circle:Completed>
<Circle></Circle:Cancelled>
<Delete></Delete:Completed>
<Circle></Circle:Completed>
<Circle></Circle:Cancelled>
CRC[8cb0a52a]
<MoveCopy></MoveCopy:Cancelled>
<EditUndo></EditUndo:Completed>
<EditUndo></EditUndo:Completed>
<EditUndo></EditUndo:Completed>
<EditRedo></EditRedo:Completed>
<MoveCopy></MoveCopy:Cancelled>
<Move></Move:Completed>
<Move></Move:Cancelled>
<grip_stretch></grip_stretch:Completed>
CRC[7eecd82b]
<EditUndo></EditUndo:Completed>
<EditUndo></EditUndo:Completed>
<EditUndo></EditUndo:Completed>
<Line></Line:Cancelled>
<xline></xline:Completed>
<grip_stretch></grip_stretch:Completed>
<grip_stretch></grip_stretch:Completed>
<vcBreakCmd></vcBreakCmd:Completed>
<EditUndo></EditUndo:Completed>
CRC[e73945ab]
<vcBreakCmd></vcBreakCmd:Completed>
<EditUndo></EditUndo:Completed>
<vcBreakCmd></vcBreakCmd:Completed>
<EditUndo></EditUndo:Completed>
<vcBreakCmd></vcBreakCmd:Completed>
<EditUndo></EditUndo:Completed>
<vcBreakAtPointCmd></vcBreakAtPointCmd:Completed>
<vcBreakCmd></vcBreakCmd:Completed>
<EditUndo></EditUndo:Completed>
CRC[2723c707]
<vcBreakCmd></vcBreakCmd:Completed>
<grip_stretch></grip_stretch:Completed>
<grip_stretch></grip_stretch:Completed>
<grip_stretch></grip_stretch:Completed>
<Line></Line:Cancelled>
<EditUndo></EditUndo:Completed>
<EditUndo></EditUndo:Completed>
<EditUndo></EditUndo:Completed>
<EditUndo></EditUndo:Completed>
CRC[ecea860d]
<EditUndo></EditUndo:Completed>
<EditUndo></EditUndo:Completed>
<Line></Line:Cancelled>
<Arc></Arc:Completed>
<Delete></Delete:Completed>
<Arc></Arc:Completed>
<Arc></Arc:Completed>
<Delete></Delete:Completed>
<Delete></Delete:Completed>
CRC[335538d1]
<Cut></Cut:Cancelled>
<EditUndo></EditUndo:Completed>
<EditUndo></EditUndo:Completed>
<EditUndo></EditUndo:Completed>
<Delete></Delete:Completed>
<Delete></Delete:Completed>
<Delete></Delete:Completed>
<Line></Line:Cancelled>
<Arc></Arc:Completed>
CRC[bb54c6dd]
<Delete></Delete:Completed>
<Delete></Delete:Completed>
<Delete></Delete:Completed>
<Delete></Delete:Completed>
<Delete></Delete:Completed>
<EditUndo></EditUndo:Completed>
<Line></Line:Cancelled>
<mdim></mdim:Completed>
<mdim></mdim:Completed>
CRC[4696bcd0]
<mdim></mdim:Completed>
<mdimrad></mdimrad:Completed>
<EditUndo></EditUndo:Completed>
<mdimdia></mdimdia:Completed>
<mdimrad></mdimrad:Completed>
<mdimrad></mdimrad:Completed>
<grip_stretch></grip_stretch:Completed>
<mdimrad></mdimrad:Completed>
<mdimrad></mdimrad:Completed>
CRC[c275b7fd]
<mdimrad></mdimrad:Completed>
<mdimrad></mdimrad:Completed>
<EditUndo></EditUndo:Completed>
<EditUndo></EditUndo:Completed>
<mdimrad></mdimrad:Completed>
<mdimrad></mdimrad:Completed>
<mdimrad></mdimrad:Completed>
<mdimrad></mdimrad:Completed>
<mdimrad></mdimrad:Completed>
CRC[a99be26c]
<mdimrad></mdimrad:Completed>
<mdimdia></mdimdia:Completed>
<mdimdia></mdimdia:Completed>
<grip_stretch></grip_stretch:Completed>
<Select></Select:Completed>
<selectsimilar></selectsimilar:Completed>
<grip_stretch></grip_stretch:Completed>
<grip_stretch></grip_stretch:Completed>
<DROPGEOM></DROPGEOM:Completed>
CRC[2458cf39]
<grip_stretch></grip_stretch:Completed>
<grip_stretch></grip_stretch:Completed>
<grip_stretch></grip_stretch:Completed>
<EditUndo></EditUndo:Completed>
<grip_stretch></grip_stretch:Completed>
<grip_stretch></grip_stretch:Completed>
<SaveAsDocument></SaveAsDocument:Completed>
Closing session.
<Exit></Exit:Completed>
CRC[fc6dfea5]
<Inspector></Inspector:Completed>
Document 'XXX' activated.
<NewDocument></NewDocument:Completed>
<StartupVPerfTest></StartupVPerfTest:Completed>
<TipOfDay></TipOfDay:Completed>
<SaveAsDocument></SaveAsDocument:Cancelled>
Document 'XXX' activated.
<OpenDocument></OpenDocument:Completed>
<Plot></Plot:Completed>
CRC[3974ff8e]
<Plot></Plot:Completed>
Document 'XXX' activated.
Closing session.
<Exit></Exit:Completed>
CRC[95af4511]
<Inspector></Inspector:Completed>
Document 'XXX' activated.
<NewDocument></NewDocument:Completed>
<StartupVPerfTest></StartupVPerfTest:Completed>
<TipOfDay></TipOfDay:Completed>
Document 'XXX' activated.
<OpenDocument></OpenDocument:Completed>
<FULLSCREEN></FULLSCREEN:Completed>
<grip_stretch></grip_stretch:Completed>
CRC[650bb045]
<grip_stretch></grip_stretch:Completed>
<grip_stretch></grip_stretch:Completed>
<DROPGEOM></DROPGEOM:Completed>
<EditUndo></EditUndo:Completed>
<grip_stretch></grip_stretch:Completed>
<grip_stretch></grip_stretch:Completed>
<grip_stretch></grip_stretch:Completed>
<Delete></Delete:Completed>
<Delete></Delete:Completed>
CRC[64d0adbf]
<Delete></Delete:Completed>
<Delete></Delete:Completed>
<grip_stretch></grip_stretch:Completed>
<Delete></Delete:Cancelled>
<grip_stretch></grip_stretch:Completed>
<FULLSCREEN></FULLSCREEN:Completed>
<mctabs></mctabs:Completed>
<mctabs></mctabs:Completed>
<mctabs></mctabs:Completed>
CRC[b19cc32a]
<grip_stretch></grip_stretch:Completed>
<mctabs></mctabs:Completed>
<ToolPalettes></ToolPalettes:Completed>
Document 'XXX' activated.
Document 'XXX' activated.
<Inspector></Inspector:Completed>
<ToolPalettes></ToolPalettes:Completed>
<Circle></Circle:Completed>
<Properties></Properties:Completed>
CRC[4af79a17]
<MoveCopy></MoveCopy:Cancelled>
<Rotate></Rotate:Completed>
<Move></Move:Completed>
<Delete></Delete:Completed>
<MoveCopy></MoveCopy:Cancelled>
<Rotate></Rotate:Completed>
<Move></Move:Completed>
<EditUndo></EditUndo:Completed>
<Move></Move:Completed>
CRC[a66772aa]
<Rotate></Rotate:Completed>
<Move></Move:Cancelled>
<Rotate></Rotate:Completed>
<Move></Move:Completed>
<Delete></Delete:Completed>
<Delete></Delete:Completed>
<Move></Move:Completed>
<Move></Move:Completed>
<Move></Move:Completed>
CRC[bbecace2]
<Move></Move:Completed>
<Delete></Delete:Completed>
<grip_stretch></grip_stretch:Completed>
<grip_stretch></grip_stretch:Completed>
<grip_stretch></grip_stretch:Completed>
<grip_stretch></grip_stretch:Completed>
<Delete></Delete:Completed>
<FULLSCREEN></FULLSCREEN:Completed>
<Plot></Plot:Completed>
CRC[703bf77c]
<Plot></Plot:Completed>
<CopyClip></CopyClip:Completed>
<SaveDocument></SaveDocument:Completed>
<FULLSCREEN></FULLSCREEN:Completed>
Document 'XXX' activated.
Closing session.
<Exit></Exit:Completed>
CRC[229f8fcd]
<Inspector></Inspector:Completed>
Document 'XXX' activated.
<NewDocument></NewDocument:Completed>
<StartupVPerfTest></StartupVPerfTest:Completed>
<TipOfDay></TipOfDay:Completed>
<Line></Line:Cancelled>
<Line></Line:Cancelled>
<ARRAYPOLAR></ARRAYPOLAR:Completed>
<EditUndo></EditUndo:Completed>
CRC[e8e3a9a2]
<ARRAYPOLAR></ARRAYPOLAR:Completed>
<EditUndo></EditUndo:Completed>
<ARRAYRECT></ARRAYRECT:Cancelled>
<ARRAYRECT></ARRAYRECT:Cancelled>
<ARRAYPOLAR></ARRAYPOLAR:Failed>
<ARRAYPOLAR></ARRAYPOLAR:Completed>
<ARRAYPOLAR></ARRAYPOLAR:Cancelled>
<EditUndo></EditUndo:Completed>
<EditUndo></EditUndo:Completed>
CRC[d4ac6ff2]
<EditUndo></EditUndo:Completed>
<Mirror></Mirror:Completed>
<MoveCopy></MoveCopy:Cancelled>
<Rotate></Rotate:Completed>
<Move></Move:Completed>
<mdim></mdim:Completed>
<Circle></Circle:Completed>
<mdim></mdim:Completed>
<mdimali></mdimali:Completed>
CRC[26c138e4]
<Delete></Delete:Completed>
<Circle></Circle:Completed>
<vcBreakCmd></vcBreakCmd:Completed>
<EditUndo></EditUndo:Completed>
<vcBreakAtPointCmd></vcBreakAtPointCmd:Completed>
<vcBreakCmd></vcBreakCmd:Completed>
<EditUndo></EditUndo:Completed>
<vcBreakCmd></vcBreakCmd:Completed>
<vcBreakCmd></vcBreakCmd:Completed>
CRC[33ae2205]
<Delete></Delete:Cancelled>
<Delete></Delete:Completed>
<EditUndo></EditUndo:Completed>
<vcBreakCmd></vcBreakCmd:Completed>
<vcBreakCmd></vcBreakCmd:Completed>
<vcBreakCmd></vcBreakCmd:Completed>
<vcBreakCmd></vcBreakCmd:Completed>
<vcBreakCmd></vcBreakCmd:Completed>
<vcBreakCmd></vcBreakCmd:Completed>
CRC[b2904414]
<Delete></Delete:Completed>
<Delete></Delete:Completed>
<Delete></Delete:Cancelled>
<Delete></Delete:Completed>
<Delete></Delete:Completed>
<mdim></mdim:Completed>
<mdim></mdim:Completed>
<mdim></mdim:Completed>
<mdim></mdim:Completed>
CRC[9b464770]
<mdim></mdim:Completed>
<mdim></mdim:Completed>
<Delete></Delete:Completed>
<Delete></Delete:Completed>
<mdim></mdim:Completed>
<mdim></mdim:Completed>
<mdim></mdim:Completed>
<mdimdia></mdimdia:Completed>
<mdimrad></mdimrad:Completed>
CRC[a8da2b4a]
<mdim></mdim:Completed>
<Delete></Delete:Completed>
<mdim></mdim:Completed>
<mdim></mdim:Completed>
<mdim></mdim:Completed>
<grip_stretch></grip_stretch:Completed>
<grip_stretch></grip_stretch:Completed>
<Delete></Delete:Completed>
<Delete></Delete:Completed>
CRC[6a04504a]
<grip_stretch></grip_stretch:Completed>
<EditUndo></EditUndo:Completed>
<Delete></Delete:Completed>
<mdim></mdim:Completed>
<mdim></mdim:Completed>
<Delete></Delete:Completed>
<Delete></Delete:Completed>
<Delete></Delete:Cancelled>
<mdim></mdim:Completed>
CRC[8b67e282]
<Delete></Delete:Completed>
Closing session.
<Exit></Exit:Completed>
CRC[4bcb46ba]
<Inspector></Inspector:Completed>
Document 'XXX' activated.
<NewDocument></NewDocument:Completed>
<StartupVPerfTest></StartupVPerfTest:Completed>
<TipOfDay></TipOfDay:Completed>
<Line></Line:Cancelled>
<Line></Line:Cancelled>
<Line></Line:Cancelled>
<mdimang></mdimang:Completed>
CRC[2d6ba153]
<Delete></Delete:Completed>
<Line></Line:Cancelled>
<mdimang></mdimang:Completed>
<dimaord></dimaord:Completed>
<mdimang></mdimang:Completed>
<mdimang></mdimang:Completed>
<mdimang></mdimang:Completed>
<mdimang></mdimang:Completed>
<Line></Line:Cancelled>
CRC[96d4be34]
<mdimang></mdimang:Completed>
<mdim></mdim:Completed>
<mdim></mdim:Completed>
<mdimali></mdimali:Completed>
<Delete></Delete:Completed>
<Line></Line:Cancelled>
<mdimang></mdimang:Completed>
<Delete></Delete:Completed>
Closing session.
CRC[663c9a43]
<Exit></Exit:Completed>
CRC[380620e7]
