#Logger version=1
#Product 'Платформа nanoCAD x64' version=22
<Inspector></Inspector:Completed>
Document 'XXX' activated.
<NewDocument></NewDocument:Completed>
<StartupVPerfTest></StartupVPerfTest:Completed>
<TipOfDay></TipOfDay:Completed>
Document 'XXX' activated.
<NCGS_TOGGLE_VECTORIZER></NCGS_TOGGLE_VECTORIZER:Completed>
<BEDIT></BEDIT:Completed>
<INSERTOBJ></INSERTOBJ:Completed>
CRC[3baaf888]
Document 'XXX' activated.
<OpenDocument></OpenDocument:Completed>
<OpenDocument></OpenDocument:Cancelled>
<BEDIT></BEDIT:Completed>
Document 'XXX' activated.
Document 'XXX' activated.
Document 'XXX' activated.
<CopyClip></CopyClip:Completed>
<Paste></Paste:Completed>
CRC[014a1cbb]
<BEDIT></BEDIT:Completed>
<Select></Select:Completed>
<mdim></mdim:Completed>
<mdim></mdim:Completed>
<mdim></mdim:Completed>
<Delete></Delete:Completed>
<Delete></Delete:Completed>
<Delete></Delete:Completed>
<EditUndo></EditUndo:Completed>
CRC[45f52f40]
<grip_stretch></grip_stretch:Completed>
<EditUndo></EditUndo:Completed>
<CloseDocument></CloseDocument:Completed>
<BCLOSE></BCLOSE:Completed>
Document 'XXX' activated.
<CloseDocument></CloseDocument:Completed>
Closing session.
<Exit></Exit:Completed>
CRC[f676c75b]
Document 'XXX' activated.
<OpenDocument></OpenDocument:Completed>
<Inspector></Inspector:Completed>
<StartupVPerfTest></StartupVPerfTest:Completed>
<TipOfDay></TipOfDay:Completed>
Document 'XXX' activated.
<OpenDocument></OpenDocument:Completed>
Document 'XXX' activated.
Document 'XXX' activated.
CRC[0add434c]
<mdim></mdim:Completed>
<Delete></Delete:Completed>
<mdim></mdim:Completed>
Document 'XXX' activated.
Document 'XXX' activated.
<OpenDocument></OpenDocument:Cancelled>
Document 'XXX' activated.
Document 'XXX' activated.
Document 'XXX' activated.
CRC[d15ea276]
<NewDocument></NewDocument:Completed>
<Export>
Document 'XXX' activated.
  <OpenDocument></OpenDocument:Completed>
</Export:Cancelled>
<mdim></mdim:Completed>
<chainbase></chainbase:Completed>
Document 'XXX' activated.
Document 'XXX' activated.
CRC[bfbe6793]
<CloseDocument></CloseDocument:Completed>
<dclinear></dclinear:Completed>
<mdimali></mdimali:Completed>
<mdimali></mdimali:Completed>
<mdimali></mdimali:Completed>
<CopyClip></CopyClip:Completed>
<grip_stretch></grip_stretch:Completed>
<EditUndo></EditUndo:Completed>
<grip_stretch></grip_stretch:Completed>
CRC[a490859d]
<grip_stretch></grip_stretch:Completed>
<grip_stretch></grip_stretch:Completed>
<grip_stretch></grip_stretch:Completed>
<EditUndo></EditUndo:Completed>
<EditUndo></EditUndo:Completed>
<EditUndo></EditUndo:Completed>
<dist></dist:Completed>
<dist></dist:Completed>
<CumulativeLength></CumulativeLength:Completed>
CRC[98092671]
<dist></dist:Completed>
<dist></dist:Completed>
<ViewShowWidth></ViewShowWidth:Completed>
<ViewShowWidth></ViewShowWidth:Completed>
Document 'XXX' activated.
<Delete></Delete:Completed>
<Delete></Delete:Completed>
<Delete></Delete:Completed>
<Delete></Delete:Completed>
CRC[b89b3ff5]
<Delete></Delete:Completed>
<Delete></Delete:Completed>
<Delete></Delete:Completed>
<Delete></Delete:Completed>
<Delete></Delete:Completed>
<Delete></Delete:Completed>
<mdimali></mdimali:Completed>
<DROPGEOM></DROPGEOM:Completed>
<EditUndo></EditUndo:Completed>
CRC[6722e516]
Document 'XXX' activated.
Document 'XXX' activated.
Document 'XXX' activated.
<DWGProps></DWGProps:Cancelled>
<Cut></Cut:Cancelled>
Document 'XXX' activated.
Document 'XXX' activated.
<OpenDocument></OpenDocument:Cancelled>
Document 'XXX' activated.
CRC[8a0760ef]
Document 'XXX' activated.
<CloseDocument></CloseDocument:Completed>
Document 'XXX' activated.
Closing session.
<Exit></Exit:Completed>
CRC[31f02773]
Document 'XXX' activated.
<OpenDocument></OpenDocument:Completed>
<StartupVPerfTest></StartupVPerfTest:Completed>
<TipOfDay></TipOfDay:Completed>
Document 'XXX' activated.
<OpenDocument></OpenDocument:Completed>
<mdim></mdim:Completed>
<mdim></mdim:Completed>
<mdim></mdim:Completed>
CRC[0438c0e8]
Document 'XXX' activated.
Closing session.
<Exit></Exit:Completed>
CRC[e4ebd6cc]
