#Logger version=1
#Product 'Платформа nanoCAD x64' version=22
Document 'XXX' activated.
<OpenDocument></OpenDocument:Completed>
<Inspector></Inspector:Completed>
<StartupVPerfTest></StartupVPerfTest:Completed>
<TipOfDay></TipOfDay:Completed>
Closing session.
<Exit></Exit:Completed>
CRC[d89f96ac]
Document 'XXX' activated.
<OpenDocument></OpenDocument:Completed>
<Inspector></Inspector:Completed>
<StartupVPerfTest></StartupVPerfTest:Completed>
<TipOfDay></TipOfDay:Completed>
<Delete></Delete:Completed>
<Delete></Delete:Completed>
<Delete></Delete:Completed>
<Delete></Delete:Completed>
CRC[e517025a]
<Delete></Delete:Completed>
<Delete></Delete:Completed>
<Delete></Delete:Completed>
<Delete></Delete:Completed>
<Delete></Delete:Completed>
<Delete></Delete:Completed>
<Delete></Delete:Completed>
<Delete></Delete:Completed>
<Delete></Delete:Completed>
CRC[a235ce77]
<Delete></Delete:Completed>
<Plot></Plot:Completed>
<Plot></Plot:Completed>
Document 'XXX' activated.
<OpenDocument></OpenDocument:Completed>
Document 'XXX' activated.
<OpenDocument></OpenDocument:Completed>
Document 'XXX' activated.
Document 'XXX' activated.
CRC[9f721f08]
Document 'XXX' activated.
Document 'XXX' activated.
Closing session.
<Exit></Exit:Completed>
CRC[3c6644bd]
