#Logger version=1
#Product 'Платформа nanoCAD x64' version=22
Document 'XXX' activated.
<OpenDocument></OpenDocument:Completed>
<Inspector></Inspector:Completed>
<StartupVPerfTest></StartupVPerfTest:Completed>
<TipOfDay></TipOfDay:Completed>
Document 'XXX' activated.
<OpenDocument></OpenDocument:Completed>
Document 'XXX' activated.
Document 'XXX' activated.
CRC[0add434c]
Document 'XXX' activated.
Document 'XXX' activated.
Closing session.
<Exit></Exit:Completed>
CRC[3c6644bd]
Document 'XXX' activated.
<OpenDocument></OpenDocument:Completed>
<Inspector></Inspector:Completed>
<StartupVPerfTest></StartupVPerfTest:Completed>
<TipOfDay></TipOfDay:Completed>
Document 'XXX' activated.
<OpenDocument></OpenDocument:Completed>
Document 'XXX' activated.
Document 'XXX' activated.
CRC[0add434c]
Document 'XXX' activated.
Document 'XXX' activated.
Document 'XXX' activated.
Document 'XXX' activated.
Document 'XXX' activated.
Document 'XXX' activated.
Document 'XXX' activated.
Document 'XXX' activated.
Document 'XXX' activated.
CRC[fff96c6a]
Closing session.
<Exit></Exit:Completed>
CRC[d793524f]
Document 'XXX' activated.
<OpenDocument></OpenDocument:Completed>
<Inspector></Inspector:Completed>
<StartupVPerfTest></StartupVPerfTest:Completed>
<TipOfDay></TipOfDay:Completed>
Closing session.
<Exit></Exit:Completed>
CRC[d89f96ac]
Document 'XXX' activated.
<OpenDocument></OpenDocument:Completed>
<Inspector></Inspector:Completed>
<StartupVPerfTest></StartupVPerfTest:Completed>
<TipOfDay></TipOfDay:Completed>
Closing session.
<Exit></Exit:Completed>
CRC[d89f96ac]
