#Logger version=1
#Product 'Платформа nanoCAD x64' version=22
Document 'XXX' activated.
<OpenDocument></OpenDocument:Completed>
<StartupVPerfTest></StartupVPerfTest:Completed>
<TipOfDay></TipOfDay:Completed>
<LAYOUT_CONTROL></LAYOUT_CONTROL:Completed>
<LAYOUT_CONTROL></LAYOUT_CONTROL:Completed>
<LAYOUT_CONTROL></LAYOUT_CONTROL:Completed>
<LAYOUT_CONTROL></LAYOUT_CONTROL:Completed>
<LAYOUT_CONTROL></LAYOUT_CONTROL:Completed>
CRC[9fdfdd7a]
<LAYOUT_CONTROL></LAYOUT_CONTROL:Completed>
Closing session.
<Exit></Exit:Completed>
CRC[a551ddca]
Document 'XXX' activated.
<OpenDocument></OpenDocument:Completed>
<StartupVPerfTest></StartupVPerfTest:Completed>
<TipOfDay></TipOfDay:Completed>
Closing session.
<Exit></Exit:Completed>
CRC[cffd7d13]
Document 'XXX' activated.
<OpenDocument></OpenDocument:Completed>
<StartupVPerfTest></StartupVPerfTest:Completed>
<TipOfDay></TipOfDay:Completed>
<CopyWithBasePoint></CopyWithBasePoint:Completed>
<PasteBlock></PasteBlock:Cancelled>
<CopyClip></CopyClip:Completed>
Closing session.
<Exit></Exit:Completed>
CRC[ceae419b]
Document 'XXX' activated.
<OpenDocument></OpenDocument:Completed>
<StartupVPerfTest></StartupVPerfTest:Completed>
<TipOfDay></TipOfDay:Completed>
<dedit></dedit:Completed>
<dedit></dedit:Completed>
<dedit></dedit:Completed>
<dedit></dedit:Completed>
<dedit></dedit:Completed>
CRC[f087817b]
<MTextEdit></MTextEdit:Completed>
<Explode></Explode:Completed>
<ddedit></ddedit:Cancelled>
<Explode></Explode:Completed>
<DROPGEOM></DROPGEOM:Completed>
<dedit></dedit:Completed>
<Explode></Explode:Completed>
<Move></Move:Completed>
<grip_stretch></grip_stretch:Completed>
CRC[9fac27a2]
<ddedit></ddedit:Cancelled>
<Explode></Explode:Completed>
<grip_stretch></grip_stretch:Completed>
<ddedit></ddedit:Cancelled>
<Delete></Delete:Completed>
<grip_stretch></grip_stretch:Completed>
<grip_stretch></grip_stretch:Completed>
<grip_stretch></grip_stretch:Completed>
<SaveDocument></SaveDocument:Completed>
CRC[d87ac474]
<Plot></Plot:Completed>
<MoveCopy></MoveCopy:Cancelled>
<grip_stretch></grip_stretch:Completed>
<grip_stretch></grip_stretch:Completed>
<grip_stretch></grip_stretch:Completed>
<grip_stretch></grip_stretch:Completed>
<grip_stretch></grip_stretch:Completed>
<Line></Line:Cancelled>
<CopyObjectProps></CopyObjectProps:Completed>
CRC[a07fb669]
<dedit></dedit:Completed>
<Delete></Delete:Completed>
<grip_stretch></grip_stretch:Completed>
<Mirror></Mirror:Completed>
<grip_stretch></grip_stretch:Completed>
<Move></Move:Completed>
<MoveCopy></MoveCopy:Cancelled>
<grip_stretch></grip_stretch:Completed>
<grip_stretch></grip_stretch:Completed>
CRC[4378084a]
<dedit></dedit:Completed>
<grip_stretch></grip_stretch:Completed>
<smarttrim></smarttrim:Completed>
<grip_stretch></grip_stretch:Completed>
<grip_stretch></grip_stretch:Completed>
<grip_stretch></grip_stretch:Completed>
<grip_stretch></grip_stretch:Completed>
<DROPGEOM></DROPGEOM:Completed>
<grip_stretch></grip_stretch:Completed>
CRC[4fd8efe5]
<grip_stretch></grip_stretch:Completed>
<SaveDocument></SaveDocument:Completed>
<Plot></Plot:Completed>
<grip_stretch></grip_stretch:Completed>
<grip_stretch></grip_stretch:Completed>
<EditUndo></EditUndo:Completed>
<EditUndo></EditUndo:Completed>
<grip_stretch></grip_stretch:Completed>
<SaveDocument></SaveDocument:Completed>
CRC[7f542712]
Closing session.
<Exit></Exit:Completed>
CRC[d793524f]
Document 'XXX' activated.
<OpenDocument></OpenDocument:Completed>
<StartupVPerfTest></StartupVPerfTest:Completed>
<TipOfDay></TipOfDay:Completed>
Closing session.
<Exit></Exit:Completed>
CRC[cffd7d13]
Document 'XXX' activated.
<OpenDocument></OpenDocument:Completed>
<StartupVPerfTest></StartupVPerfTest:Completed>
<TipOfDay></TipOfDay:Completed>
<LAYOUT_CONTROL></LAYOUT_CONTROL:Completed>
<LAYOUT_CONTROL></LAYOUT_CONTROL:Completed>
<LAYOUT_CONTROL></LAYOUT_CONTROL:Completed>
Closing session.
<Exit></Exit:Completed>
CRC[b1de4876]
Document 'XXX' activated.
<OpenDocument></OpenDocument:Completed>
<StartupVPerfTest></StartupVPerfTest:Completed>
<TipOfDay></TipOfDay:Completed>
<LAYOUT_CONTROL></LAYOUT_CONTROL:Completed>
<LAYOUT_CONTROL></LAYOUT_CONTROL:Completed>
<LAYOUT_CONTROL></LAYOUT_CONTROL:Completed>
Closing session.
<Exit></Exit:Completed>
CRC[b1de4876]
Document 'XXX' activated.
<OpenDocument></OpenDocument:Completed>
<StartupVPerfTest></StartupVPerfTest:Completed>
<TipOfDay></TipOfDay:Completed>
Closing session.
<Exit></Exit:Completed>
CRC[cffd7d13]
Document 'XXX' activated.
<OpenDocument></OpenDocument:Completed>
<StartupVPerfTest></StartupVPerfTest:Completed>
<TipOfDay></TipOfDay:Completed>
<LAYOUT_CONTROL></LAYOUT_CONTROL:Completed>
<LAYOUT_CONTROL></LAYOUT_CONTROL:Completed>
<LAYOUT_CONTROL></LAYOUT_CONTROL:Completed>
<LAYOUT_CONTROL></LAYOUT_CONTROL:Completed>
<LAYOUT_CONTROL></LAYOUT_CONTROL:Completed>
CRC[9fdfdd7a]
Closing session.
<Exit></Exit:Completed>
CRC[d793524f]
Document 'XXX' activated.
<OpenDocument></OpenDocument:Completed>
<StartupVPerfTest></StartupVPerfTest:Completed>
<TipOfDay></TipOfDay:Completed>
<MTextEdit></MTextEdit:Completed>
<SaveDocument></SaveDocument:Completed>
<SaveDocument></SaveDocument:Completed>
<Plot></Plot:Completed>
Closing session.
CRC[a24cf132]
<Exit></Exit:Completed>
CRC[380620e7]
Document 'XXX' activated.
<OpenDocument></OpenDocument:Completed>
<StartupVPerfTest></StartupVPerfTest:Completed>
<TipOfDay></TipOfDay:Completed>
<grip_stretch></grip_stretch:Completed>
<grip_stretch></grip_stretch:Completed>
<grip_stretch></grip_stretch:Completed>
<grip_stretch></grip_stretch:Completed>
<grip_stretch></grip_stretch:Completed>
CRC[eb31b6dc]
<grip_stretch></grip_stretch:Completed>
<grip_stretch></grip_stretch:Completed>
<grip_stretch></grip_stretch:Completed>
<grip_stretch></grip_stretch:Completed>
<grip_stretch></grip_stretch:Completed>
<grip_stretch></grip_stretch:Completed>
<grip_stretch></grip_stretch:Completed>
<MoveCopy></MoveCopy:Cancelled>
<Delete></Delete:Completed>
CRC[423f817f]
<Move></Move:Completed>
<grip_stretch></grip_stretch:Completed>
<grip_stretch></grip_stretch:Completed>
<grip_stretch></grip_stretch:Completed>
<grip_stretch></grip_stretch:Completed>
<grip_stretch></grip_stretch:Completed>
<grip_stretch></grip_stretch:Completed>
<grip_stretch></grip_stretch:Completed>
<grip_stretch></grip_stretch:Completed>
CRC[b0606ccf]
<grip_stretch></grip_stretch:Completed>
<grip_stretch></grip_stretch:Completed>
<grip_stretch></grip_stretch:Completed>
<grip_stretch></grip_stretch:Completed>
<grip_stretch></grip_stretch:Completed>
<grip_stretch></grip_stretch:Completed>
<MoveCopy></MoveCopy:Cancelled>
<Delete></Delete:Completed>
<grip_stretch></grip_stretch:Completed>
CRC[5ff3e2dc]
<grip_stretch></grip_stretch:Completed>
<grip_stretch></grip_stretch:Completed>
<grip_stretch></grip_stretch:Completed>
<Move></Move:Completed>
<grip_stretch></grip_stretch:Completed>
<grip_stretch></grip_stretch:Completed>
<grip_stretch></grip_stretch:Completed>
<Move></Move:Completed>
<DROPGEOM></DROPGEOM:Completed>
CRC[1594ddd0]
<grip_stretch></grip_stretch:Completed>
<grip_stretch></grip_stretch:Completed>
<grip_stretch></grip_stretch:Completed>
<grip_stretch></grip_stretch:Completed>
<MoveCopy></MoveCopy:Cancelled>
<MoveCopy></MoveCopy:Cancelled>
<Line></Line:Cancelled>
<grip_stretch></grip_stretch:Completed>
<grip_stretch></grip_stretch:Completed>
CRC[8f85a34a]
<vcBreakCmd></vcBreakCmd:Completed>
<grip_stretch></grip_stretch:Completed>
<grip_stretch></grip_stretch:Completed>
<CopyObjectProps></CopyObjectProps:Completed>
<grip_stretch></grip_stretch:Completed>
<grip_stretch></grip_stretch:Completed>
<grip_stretch></grip_stretch:Completed>
<Move></Move:Completed>
<grip_stretch></grip_stretch:Completed>
CRC[d8205bd4]
<Move></Move:Completed>
<CopyObjectProps></CopyObjectProps:Completed>
<Move></Move:Completed>
<MoveCopy></MoveCopy:Cancelled>
<Move></Move:Completed>
<grip_stretch></grip_stretch:Completed>
<grip_stretch></grip_stretch:Completed>
<grip_stretch></grip_stretch:Completed>
<grip_stretch></grip_stretch:Completed>
CRC[6d4a7f38]
<grip_stretch></grip_stretch:Completed>
<DROPGEOM></DROPGEOM:Completed>
<grip_stretch></grip_stretch:Completed>
<grip_stretch></grip_stretch:Completed>
<grip_stretch></grip_stretch:Completed>
<grip_stretch></grip_stretch:Completed>
<grip_stretch></grip_stretch:Completed>
<grip_stretch></grip_stretch:Completed>
<grip_stretch></grip_stretch:Completed>
CRC[696611fd]
<DROPGEOM></DROPGEOM:Completed>
<grip_stretch></grip_stretch:Completed>
<grip_stretch></grip_stretch:Completed>
<grip_stretch></grip_stretch:Completed>
<grip_stretch></grip_stretch:Completed>
<grip_stretch></grip_stretch:Completed>
<grip_stretch></grip_stretch:Completed>
<grip_stretch></grip_stretch:Completed>
<DROPGEOM></DROPGEOM:Completed>
CRC[014ec66d]
<grip_stretch></grip_stretch:Completed>
<grip_stretch></grip_stretch:Completed>
<grip_stretch></grip_stretch:Completed>
<grip_stretch></grip_stretch:Completed>
<grip_stretch></grip_stretch:Completed>
<grip_stretch></grip_stretch:Completed>
<grip_stretch></grip_stretch:Completed>
<grip_stretch></grip_stretch:Completed>
<grip_stretch></grip_stretch:Completed>
CRC[ad4b4fd4]
<grip_stretch></grip_stretch:Completed>
<grip_stretch></grip_stretch:Completed>
<grip_stretch></grip_stretch:Completed>
<Plot></Plot:Completed>
<Delete></Delete:Completed>
<Plot></Plot:Completed>
<Plot></Plot:Completed>
<Plot></Plot:Completed>
<Plot></Plot:Completed>
CRC[0834458b]
<SaveDocument></SaveDocument:Completed>
Closing session.
<Exit></Exit:Completed>
CRC[e5e39179]
Document 'XXX' activated.
<OpenDocument></OpenDocument:Completed>
<StartupVPerfTest></StartupVPerfTest:Completed>
<TipOfDay></TipOfDay:Completed>
<MTextEdit></MTextEdit:Completed>
<Plot></Plot:Completed>
<SaveDocument></SaveDocument:Completed>
Closing session.
<Exit></Exit:Completed>
CRC[0fd970b8]
Document 'XXX' activated.
<OpenDocument></OpenDocument:Completed>
<StartupVPerfTest></StartupVPerfTest:Completed>
<TipOfDay></TipOfDay:Completed>
<Move></Move:Completed>
<Move></Move:Completed>
<DROPGEOM></DROPGEOM:Completed>
<grip_stretch></grip_stretch:Completed>
<grip_stretch></grip_stretch:Completed>
CRC[43ae7155]
<Plot></Plot:Completed>
<SaveDocument></SaveDocument:Completed>
Closing session.
<Exit></Exit:Completed>
CRC[66c367c3]
Document 'XXX' activated.
<OpenDocument></OpenDocument:Completed>
<StartupVPerfTest></StartupVPerfTest:Completed>
<TipOfDay></TipOfDay:Completed>
<dedit></dedit:Completed>
<Properties></Properties:Completed>
Closing session.
<Exit></Exit:Completed>
CRC[ff5139ca]
Document 'XXX' activated.
<OpenDocument></OpenDocument:Completed>
<StartupVPerfTest></StartupVPerfTest:Completed>
<TipOfDay></TipOfDay:Completed>
Closing session.
<Exit></Exit:Completed>
CRC[cffd7d13]
